# JRE version: Java(TM) SE Runtime Environment (8.0_45-b15) (build 1.8.0_45-b15)
# Java VM: Java HotSpot(TM) 64-Bit Server VM (25.45-b02 mixed mode windows-amd64 compressed oops)
Heap:
 PSYoungGen      total 238592K, used 39783K [0x00000000eab00000, 0x00000000fd480000, 0x0000000100000000)
  eden space 237568K, 16% used [0x00000000eab00000,0x00000000ed1d9d90,0x00000000f9300000)
  from space 1024K, 0% used [0x00000000fa700000,0x00000000fa700000,0x00000000fa800000)
  to   space 26624K, 0% used [0x00000000fba80000,0x00000000fba80000,0x00000000fd480000)
 ParOldGen       total 98304K, used 56222K [0x00000000c0000000, 0x00000000c6000000, 0x00000000eab00000)
  object space 98304K, 57% used [0x00000000c0000000,0x00000000c36e7978,0x00000000c6000000)
 Metaspace       used 59830K, capacity 66318K, committed 67416K, reserved 1107968K
  class space    used 7835K, capacity 9606K, committed 9856K, reserved 1048576K
GC Heap History (10 events):
Event: 6295.752 GC heap before
{Heap before GC invocations=66 (full 21):
 PSYoungGen      total 273920K, used 146556K [0x00000000eab00000, 0x00000000ff200000, 0x0000000100000000)
  eden space 248320K, 53% used [0x00000000eab00000,0x00000000f2b91ac8,0x00000000f9d80000)
  from space 25600K, 58% used [0x00000000fba00000,0x00000000fc88d7d8,0x00000000fd300000)
  to   space 29184K, 0% used [0x00000000f9d80000,0x00000000f9d80000,0x00000000fba00000)
 ParOldGen       total 98304K, used 51237K [0x00000000c0000000, 0x00000000c6000000, 0x00000000eab00000)
  object space 98304K, 52% used [0x00000000c0000000,0x00000000c3209678,0x00000000c6000000)
 Metaspace       used 59651K, capacity 65954K, committed 67032K, reserved 1105920K
  class space    used 7812K, capacity 9526K, committed 9728K, reserved 1048576K
Event: 6295.774 GC heap after
Heap after GC invocations=66 (full 21):
 PSYoungGen      total 277504K, used 7424K [0x00000000eab00000, 0x00000000fef00000, 0x0000000100000000)
  eden space 248320K, 0% used [0x00000000eab00000,0x00000000eab00000,0x00000000f9d80000)
  from space 29184K, 25% used [0x00000000f9d80000,0x00000000fa4c0020,0x00000000fba00000)
  to   space 27648K, 0% used [0x00000000fd400000,0x00000000fd400000,0x00000000fef00000)
 ParOldGen       total 98304K, used 51237K [0x00000000c0000000, 0x00000000c6000000, 0x00000000eab00000)
  object space 98304K, 52% used [0x00000000c0000000,0x00000000c3209678,0x00000000c6000000)
 Metaspace       used 59651K, capacity 65954K, committed 67032K, reserved 1105920K
  class space    used 7812K, capacity 9526K, committed 9728K, reserved 1048576K
}
Event: 6295.774 GC heap before
{Heap before GC invocations=67 (full 22):
 PSYoungGen      total 277504K, used 7424K [0x00000000eab00000, 0x00000000fef00000, 0x0000000100000000)
  eden space 248320K, 0% used [0x00000000eab00000,0x00000000eab00000,0x00000000f9d80000)
  from space 29184K, 25% used [0x00000000f9d80000,0x00000000fa4c0020,0x00000000fba00000)
  to   space 27648K, 0% used [0x00000000fd400000,0x00000000fd400000,0x00000000fef00000)
 ParOldGen       total 98304K, used 51237K [0x00000000c0000000, 0x00000000c6000000, 0x00000000eab00000)
  object space 98304K, 52% used [0x00000000c0000000,0x00000000c3209678,0x00000000c6000000)
 Metaspace       used 59651K, capacity 65954K, committed 67032K, reserved 1105920K
  class space    used 7812K, capacity 9526K, committed 9728K, reserved 1048576K
Event: 6296.860 GC heap after
Heap after GC invocations=67 (full 22):
 PSYoungGen      total 277504K, used 0K [0x00000000eab00000, 0x00000000fef00000, 0x0000000100000000)
  eden space 248320K, 0% used [0x00000000eab00000,0x00000000eab00000,0x00000000f9d80000)
  from space 29184K, 0% used [0x00000000f9d80000,0x00000000f9d80000,0x00000000fba00000)
  to   space 27648K, 0% used [0x00000000fd400000,0x00000000fd400000,0x00000000fef00000)
 ParOldGen       total 98304K, used 56488K [0x00000000c0000000, 0x00000000c6000000, 0x00000000eab00000)
  object space 98304K, 57% used [0x00000000c0000000,0x00000000c372a1c8,0x00000000c6000000)
 Metaspace       used 59651K, capacity 65954K, committed 67032K, reserved 1105920K
  class space    used 7812K, capacity 9526K, committed 9728K, reserved 1048576K
}
Event: 6699.978 GC heap before
{Heap before GC invocations=68 (full 22):
 PSYoungGen      total 277504K, used 248320K [0x00000000eab00000, 0x00000000fef00000, 0x0000000100000000)
  eden space 248320K, 100% used [0x00000000eab00000,0x00000000f9d80000,0x00000000f9d80000)
  from space 29184K, 0% used [0x00000000f9d80000,0x00000000f9d80000,0x00000000fba00000)
  to   space 27648K, 0% used [0x00000000fd400000,0x00000000fd400000,0x00000000fef00000)
 ParOldGen       total 98304K, used 56488K [0x00000000c0000000, 0x00000000c6000000, 0x00000000eab00000)
  object space 98304K, 57% used [0x00000000c0000000,0x00000000c372a1c8,0x00000000c6000000)
 Metaspace       used 59764K, capacity 66180K, committed 67160K, reserved 1105920K
  class space    used 7824K, capacity 9568K, committed 9856K, reserved 1048576K
Event: 6700.025 GC heap after
Heap after GC invocations=68 (full 22):
 PSYoungGen      total 244736K, used 7002K [0x00000000eab00000, 0x00000000fdb00000, 0x0000000100000000)
  eden space 237568K, 0% used [0x00000000eab00000,0x00000000eab00000,0x00000000f9300000)
  from space 7168K, 97% used [0x00000000fd400000,0x00000000fdad6928,0x00000000fdb00000)
  to   space 26624K, 0% used [0x00000000fa700000,0x00000000fa700000,0x00000000fc100000)
 ParOldGen       total 98304K, used 56488K [0x00000000c0000000, 0x00000000c6000000, 0x00000000eab00000)
  object space 98304K, 57% used [0x00000000c0000000,0x00000000c372a1c8,0x00000000c6000000)
 Metaspace       used 59764K, capacity 66180K, committed 67160K, reserved 1105920K
  class space    used 7824K, capacity 9568K, committed 9856K, reserved 1048576K
}
Event: 6707.615 GC heap before
{Heap before GC invocations=69 (full 22):
 PSYoungGen      total 244736K, used 26521K [0x00000000eab00000, 0x00000000fdb00000, 0x0000000100000000)
  eden space 237568K, 8% used [0x00000000eab00000,0x00000000ebe0fcc8,0x00000000f9300000)
  from space 7168K, 97% used [0x00000000fd400000,0x00000000fdad6928,0x00000000fdb00000)
  to   space 26624K, 0% used [0x00000000fa700000,0x00000000fa700000,0x00000000fc100000)
 ParOldGen       total 98304K, used 56488K [0x00000000c0000000, 0x00000000c6000000, 0x00000000eab00000)
  object space 98304K, 57% used [0x00000000c0000000,0x00000000c372a1c8,0x00000000c6000000)
 Metaspace       used 59767K, capacity 66180K, committed 67160K, reserved 1105920K
  class space    used 7824K, capacity 9568K, committed 9856K, reserved 1048576K
Event: 6708.132 GC heap after
Heap after GC invocations=69 (full 22):
 PSYoungGen      total 238592K, used 816K [0x00000000eab00000, 0x00000000fd480000, 0x0000000100000000)
  eden space 237568K, 0% used [0x00000000eab00000,0x00000000eab00000,0x00000000f9300000)
  from space 1024K, 79% used [0x00000000fa700000,0x00000000fa7cc010,0x00000000fa800000)
  to   space 26624K, 0% used [0x00000000fba80000,0x00000000fba80000,0x00000000fd480000)
 ParOldGen       total 98304K, used 56488K [0x00000000c0000000, 0x00000000c6000000, 0x00000000eab00000)
  object space 98304K, 57% used [0x00000000c0000000,0x00000000c372a1c8,0x00000000c6000000)
 Metaspace       used 59767K, capacity 66180K, committed 67160K, reserved 1105920K
  class space    used 7824K, capacity 9568K, committed 9856K, reserved 1048576K
}
Event: 6708.132 GC heap before
{Heap before GC invocations=70 (full 23):
 PSYoungGen      total 238592K, used 816K [0x00000000eab00000, 0x00000000fd480000, 0x0000000100000000)
  eden space 237568K, 0% used [0x00000000eab00000,0x00000000eab00000,0x00000000f9300000)
  from space 1024K, 79% used [0x00000000fa700000,0x00000000fa7cc010,0x00000000fa800000)
  to   space 26624K, 0% used [0x00000000fba80000,0x00000000fba80000,0x00000000fd480000)
 ParOldGen       total 98304K, used 56488K [0x00000000c0000000, 0x00000000c6000000, 0x00000000eab00000)
  object space 98304K, 57% used [0x00000000c0000000,0x00000000c372a1c8,0x00000000c6000000)
 Metaspace       used 59767K, capacity 66180K, committed 67160K, reserved 1105920K
  class space    used 7824K, capacity 9568K, committed 9856K, reserved 1048576K
Event: 6708.573 GC heap after
Heap after GC invocations=70 (full 23):
 PSYoungGen      total 238592K, used 0K [0x00000000eab00000, 0x00000000fd480000, 0x0000000100000000)
  eden space 237568K, 0% used [0x00000000eab00000,0x00000000eab00000,0x00000000f9300000)
  from space 1024K, 0% used [0x00000000fa700000,0x00000000fa700000,0x00000000fa800000)
  to   space 26624K, 0% used [0x00000000fba80000,0x00000000fba80000,0x00000000fd480000)
 ParOldGen       total 98304K, used 56222K [0x00000000c0000000, 0x00000000c6000000, 0x00000000eab00000)
  object space 98304K, 57% used [0x00000000c0000000,0x00000000c36e7978,0x00000000c6000000)
 Metaspace       used 59767K, capacity 66180K, committed 67160K, reserved 1105920K
  class space    used 7824K, capacity 9568K, committed 9856K, reserved 1048576K
}

